e:\workinggui-demo\opengl_on_a_windows_form\debug\opengl_on_a_windows_form.pch
e:\workinggui-demo\opengl_on_a_windows_form\debug\vc141.pdb
e:\workinggui-demo\opengl_on_a_windows_form\debug\stdafx.obj
e:\workinggui-demo\opengl_on_a_windows_form\debug\timeseries_dist.obj
e:\workinggui-demo\opengl_on_a_windows_form\debug\standardts.obj
e:\workinggui-demo\opengl_on_a_windows_form\debug\separatedts_spc.obj
e:\workinggui-demo\opengl_on_a_windows_form\debug\separatedspc.obj
e:\workinggui-demo\opengl_on_a_windows_form\debug\separatedcpc.obj
e:\workinggui-demo\opengl_on_a_windows_form\debug\opengl_on_a_windows_form.obj
e:\workinggui-demo\opengl_on_a_windows_form\debug\filehandling.obj
e:\workinggui-demo\opengl_on_a_windows_form\debug\dist_cont_parallel_coords.obj
e:\workinggui-demo\opengl_on_a_windows_form\debug\cont_parallel_coordinates.obj
e:\workinggui-demo\opengl_on_a_windows_form\debug\combinedspc.obj
e:\workinggui-demo\opengl_on_a_windows_form\debug\combinedcpc.obj
e:\workinggui-demo\opengl_on_a_windows_form\debug\assemblyinfo.obj
e:\workinggui-demo\opengl_on_a_windows_form\debug\.netframework,version=v4.0.assemblyattributes.obj
e:\workinggui-demo\opengl_on_a_windows_form\debug\.netframework,version=v4.0.assemblyattributes.asm
e:\workinggui-demo\opengl_on_a_windows_form\debug\opengl_on_a_windows_form.form1.resources
e:\workinggui-demo\opengl_on_a_windows_form\debug\app.res
e:\workinggui-demo\debug\opengl_on_a_windows_form.exe
e:\workinggui-demo\debug\opengl_on_a_windows_form.pdb
e:\workinggui-demo\opengl_on_a_windows_form\debug\opengl_on_a_windows_form.vcxprojassemblyreference.cache
e:\workinggui-demo\opengl_on_a_windows_form\debug\opengl_on_a_windows_form.vcxproj.generateresource.cache
e:\workinggui-demo\opengl_on_a_windows_form\debug\opengl_o.d4e3ab88.tlog\metagen.write.1.tlog
e:\workinggui-demo\opengl_on_a_windows_form\debug\opengl_o.d4e3ab88.tlog\cl.read.1.tlog
e:\workinggui-demo\opengl_on_a_windows_form\debug\opengl_o.d4e3ab88.tlog\cl.write.1.tlog
e:\workinggui-demo\opengl_on_a_windows_form\debug\opengl_o.d4e3ab88.tlog\cl.command.1.tlog
e:\workinggui-demo\opengl_on_a_windows_form\debug\opengl_o.d4e3ab88.tlog\metagen.read.1.tlog
e:\workinggui-demo\opengl_on_a_windows_form\debug\opengl_o.d4e3ab88.tlog\opengl_on_a_windows_form.write.1u.tlog
e:\workinggui-demo\opengl_on_a_windows_form\debug\opengl_o.d4e3ab88.tlog\rc.read.1.tlog
e:\workinggui-demo\opengl_on_a_windows_form\debug\opengl_o.d4e3ab88.tlog\rc.write.1.tlog
e:\workinggui-demo\opengl_on_a_windows_form\debug\opengl_o.d4e3ab88.tlog\rc.command.1.tlog
e:\workinggui-demo\opengl_on_a_windows_form\debug\opengl_o.d4e3ab88.tlog\link.command.1.tlog
e:\workinggui-demo\opengl_on_a_windows_form\debug\opengl_o.d4e3ab88.tlog\link.read.1.tlog
e:\workinggui-demo\opengl_on_a_windows_form\debug\opengl_o.d4e3ab88.tlog\link.write.1.tlog
