  stdafx.cpp
  AssemblyInfo.cpp
e:\workinggui-demo\opengl_on_a_windows_form\assemblyinfo.cpp(40): warning C4947: 'System::Security::Permissions::SecurityAction::RequestMinimum': marked as obsolete
  e:\workinggui-demo\opengl_on_a_windows_form\assemblyinfo.cpp(40): note: Message: 'Assembly level declarative security is obsolete and is no longer enforced by the CLR by default. See http://go.microsoft.com/fwlink/?LinkID=155570 for more information.'
  CombinedCPC.cpp
e:\workinggui-demo\opengl_on_a_windows_form\classdata.h(32): warning C4244: 'argument': conversion from 'int' to '_Ty', possible loss of data
          with
          [
              _Ty=float
          ]
e:\workinggui-demo\opengl_on_a_windows_form\classdata.h(224): warning C4244: 'argument': conversion from 'double' to 'GLfloat', possible loss of data
e:\workinggui-demo\opengl_on_a_windows_form\classdata.h(225): warning C4244: 'argument': conversion from 'double' to 'GLfloat', possible loss of data
e:\workinggui-demo\opengl_on_a_windows_form\combinedcpc.cpp(59): warning C4244: 'argument': conversion from 'double' to '_Ty', possible loss of data
          with
          [
              _Ty=float
          ]
e:\workinggui-demo\opengl_on_a_windows_form\combinedcpc.cpp(60): warning C4244: 'argument': conversion from 'double' to '_Ty', possible loss of data
          with
          [
              _Ty=float
          ]
e:\workinggui-demo\opengl_on_a_windows_form\combinedcpc.cpp(85): warning C4244: 'initializing': conversion from 'double' to 'float', possible loss of data
e:\workinggui-demo\opengl_on_a_windows_form\combinedcpc.cpp(86): warning C4244: 'initializing': conversion from 'double' to 'float', possible loss of data
e:\workinggui-demo\opengl_on_a_windows_form\combinedcpc.cpp(88): warning C4244: '-=': conversion from 'double' to 'float', possible loss of data
e:\workinggui-demo\opengl_on_a_windows_form\combinedcpc.cpp(89): warning C4244: '-=': conversion from 'double' to 'float', possible loss of data
e:\workinggui-demo\opengl_on_a_windows_form\combinedcpc.cpp(92): warning C4244: 'argument': conversion from 'double' to 'GLfloat', possible loss of data
e:\workinggui-demo\opengl_on_a_windows_form\combinedcpc.cpp(98): warning C4244: 'argument': conversion from '_Ty' to 'GLubyte', possible loss of data
          with
          [
              _Ty=float
          ]
  CombinedSPC.cpp
e:\workinggui-demo\opengl_on_a_windows_form\classdata.h(32): warning C4244: 'argument': conversion from 'int' to '_Ty', possible loss of data
          with
          [
              _Ty=float
          ]
e:\workinggui-demo\opengl_on_a_windows_form\classdata.h(224): warning C4244: 'argument': conversion from 'double' to 'GLfloat', possible loss of data
e:\workinggui-demo\opengl_on_a_windows_form\classdata.h(225): warning C4244: 'argument': conversion from 'double' to 'GLfloat', possible loss of data
e:\workinggui-demo\opengl_on_a_windows_form\combinedspc.cpp(58): warning C4018: '<=': signed/unsigned mismatch
e:\workinggui-demo\opengl_on_a_windows_form\combinedspc.cpp(62): warning C4244: 'argument': conversion from 'double' to '_Ty', possible loss of data
          with
          [
              _Ty=float
          ]
e:\workinggui-demo\opengl_on_a_windows_form\combinedspc.cpp(63): warning C4244: 'argument': conversion from 'double' to 'const _Ty', possible loss of data
          with
          [
              _Ty=float
          ]
e:\workinggui-demo\opengl_on_a_windows_form\combinedspc.cpp(88): warning C4244: 'initializing': conversion from 'double' to 'float', possible loss of data
e:\workinggui-demo\opengl_on_a_windows_form\combinedspc.cpp(89): warning C4244: 'initializing': conversion from 'double' to 'float', possible loss of data
e:\workinggui-demo\opengl_on_a_windows_form\combinedspc.cpp(91): warning C4244: '-=': conversion from 'double' to 'float', possible loss of data
e:\workinggui-demo\opengl_on_a_windows_form\combinedspc.cpp(92): warning C4244: '-=': conversion from 'double' to 'float', possible loss of data
e:\workinggui-demo\opengl_on_a_windows_form\combinedspc.cpp(93): warning C4244: '+=': conversion from 'double' to 'float', possible loss of data
e:\workinggui-demo\opengl_on_a_windows_form\combinedspc.cpp(94): warning C4244: '+=': conversion from 'double' to 'float', possible loss of data
e:\workinggui-demo\opengl_on_a_windows_form\combinedspc.cpp(97): warning C4244: 'argument': conversion from 'double' to 'GLfloat', possible loss of data
e:\workinggui-demo\opengl_on_a_windows_form\combinedspc.cpp(104): warning C4244: 'argument': conversion from '_Ty' to 'GLubyte', possible loss of data
          with
          [
              _Ty=float
          ]
e:\workinggui-demo\opengl_on_a_windows_form\combinedspc.cpp(165): warning C4018: '<': signed/unsigned mismatch
  Cont_Parallel_Coordinates.cpp
e:\workinggui-demo\opengl_on_a_windows_form\classdata.h(32): warning C4244: 'argument': conversion from 'int' to '_Ty', possible loss of data
          with
          [
              _Ty=float
          ]
e:\workinggui-demo\opengl_on_a_windows_form\classdata.h(224): warning C4244: 'argument': conversion from 'double' to 'GLfloat', possible loss of data
e:\workinggui-demo\opengl_on_a_windows_form\classdata.h(225): warning C4244: 'argument': conversion from 'double' to 'GLfloat', possible loss of data
e:\workinggui-demo\opengl_on_a_windows_form\cont_parallel_coordinates.cpp(47): warning C4018: '<=': signed/unsigned mismatch
e:\workinggui-demo\opengl_on_a_windows_form\cont_parallel_coordinates.cpp(48): warning C4244: 'argument': conversion from 'double' to '_Ty', possible loss of data
          with
          [
              _Ty=float
          ]
e:\workinggui-demo\opengl_on_a_windows_form\cont_parallel_coordinates.cpp(49): warning C4244: 'argument': conversion from 'double' to '_Ty', possible loss of data
          with
          [
              _Ty=float
          ]
e:\workinggui-demo\opengl_on_a_windows_form\cont_parallel_coordinates.cpp(66): warning C4244: 'initializing': conversion from 'double' to 'float', possible loss of data
e:\workinggui-demo\opengl_on_a_windows_form\cont_parallel_coordinates.cpp(67): warning C4244: 'initializing': conversion from 'double' to 'float', possible loss of data
e:\workinggui-demo\opengl_on_a_windows_form\cont_parallel_coordinates.cpp(69): warning C4244: '-=': conversion from 'double' to 'float', possible loss of data
e:\workinggui-demo\opengl_on_a_windows_form\cont_parallel_coordinates.cpp(70): warning C4244: '-=': conversion from 'double' to 'float', possible loss of data
e:\workinggui-demo\opengl_on_a_windows_form\cont_parallel_coordinates.cpp(73): warning C4244: 'argument': conversion from 'double' to 'GLfloat', possible loss of data
e:\workinggui-demo\opengl_on_a_windows_form\cont_parallel_coordinates.cpp(76): warning C4018: '<': signed/unsigned mismatch
e:\workinggui-demo\opengl_on_a_windows_form\cont_parallel_coordinates.cpp(79): warning C4244: 'argument': conversion from '_Ty' to 'GLubyte', possible loss of data
          with
          [
              _Ty=float
          ]
e:\workinggui-demo\opengl_on_a_windows_form\cont_parallel_coordinates.cpp(80): warning C4018: '<': signed/unsigned mismatch
e:\workinggui-demo\opengl_on_a_windows_form\cont_parallel_coordinates.cpp(89): warning C4018: '<': signed/unsigned mismatch
e:\workinggui-demo\opengl_on_a_windows_form\cont_parallel_coordinates.cpp(90): warning C4018: '<': signed/unsigned mismatch
e:\workinggui-demo\opengl_on_a_windows_form\cont_parallel_coordinates.cpp(125): warning C4018: '<': signed/unsigned mismatch
e:\workinggui-demo\opengl_on_a_windows_form\cont_parallel_coordinates.cpp(131): warning C4018: '<': signed/unsigned mismatch
e:\workinggui-demo\opengl_on_a_windows_form\cont_parallel_coordinates.cpp(135): warning C4244: 'argument': conversion from 'int' to 'const _Ty', possible loss of data
          with
          [
              _Ty=float
          ]
e:\workinggui-demo\opengl_on_a_windows_form\cont_parallel_coordinates.cpp(204): warning C4018: '<': signed/unsigned mismatch
e:\workinggui-demo\opengl_on_a_windows_form\cont_parallel_coordinates.cpp(205): warning C4018: '<': signed/unsigned mismatch
e:\workinggui-demo\opengl_on_a_windows_form\cont_parallel_coordinates.cpp(218): warning C4018: '<': signed/unsigned mismatch
e:\workinggui-demo\opengl_on_a_windows_form\cont_parallel_coordinates.cpp(219): warning C4018: '<': signed/unsigned mismatch
  Dist_Cont_Parallel_Coords.cpp
e:\workinggui-demo\opengl_on_a_windows_form\classdata.h(32): warning C4244: 'argument': conversion from 'int' to '_Ty', possible loss of data
          with
          [
              _Ty=float
          ]
e:\workinggui-demo\opengl_on_a_windows_form\classdata.h(224): warning C4244: 'argument': conversion from 'double' to 'GLfloat', possible loss of data
e:\workinggui-demo\opengl_on_a_windows_form\classdata.h(225): warning C4244: 'argument': conversion from 'double' to 'GLfloat', possible loss of data
e:\workinggui-demo\opengl_on_a_windows_form\dist_cont_parallel_coords.cpp(24): warning C4018: '<': signed/unsigned mismatch
e:\workinggui-demo\opengl_on_a_windows_form\dist_cont_parallel_coords.cpp(25): warning C4018: '<': signed/unsigned mismatch
e:\workinggui-demo\opengl_on_a_windows_form\dist_cont_parallel_coords.cpp(38): warning C4018: '<': signed/unsigned mismatch
e:\workinggui-demo\opengl_on_a_windows_form\dist_cont_parallel_coords.cpp(39): warning C4018: '<': signed/unsigned mismatch
e:\workinggui-demo\opengl_on_a_windows_form\dist_cont_parallel_coords.cpp(66): warning C4018: '<': signed/unsigned mismatch
e:\workinggui-demo\opengl_on_a_windows_form\dist_cont_parallel_coords.cpp(67): warning C4018: '<': signed/unsigned mismatch
e:\workinggui-demo\opengl_on_a_windows_form\dist_cont_parallel_coords.cpp(74): warning C4244: 'argument': conversion from 'int' to 'const _Ty', possible loss of data
          with
          [
              _Ty=float
          ]
e:\workinggui-demo\opengl_on_a_windows_form\dist_cont_parallel_coords.cpp(96): warning C4018: '<': signed/unsigned mismatch
e:\workinggui-demo\opengl_on_a_windows_form\dist_cont_parallel_coords.cpp(97): warning C4018: '<': signed/unsigned mismatch
e:\workinggui-demo\opengl_on_a_windows_form\dist_cont_parallel_coords.cpp(110): warning C4244: 'initializing': conversion from 'double' to 'float', possible loss of data
e:\workinggui-demo\opengl_on_a_windows_form\dist_cont_parallel_coords.cpp(111): warning C4244: 'initializing': conversion from 'double' to 'float', possible loss of data
e:\workinggui-demo\opengl_on_a_windows_form\dist_cont_parallel_coords.cpp(113): warning C4244: '-=': conversion from 'double' to 'float', possible loss of data
e:\workinggui-demo\opengl_on_a_windows_form\dist_cont_parallel_coords.cpp(114): warning C4244: '-=': conversion from 'double' to 'float', possible loss of data
e:\workinggui-demo\opengl_on_a_windows_form\dist_cont_parallel_coords.cpp(117): warning C4244: 'argument': conversion from 'double' to 'GLfloat', possible loss of data
e:\workinggui-demo\opengl_on_a_windows_form\dist_cont_parallel_coords.cpp(119): warning C4018: '<': signed/unsigned mismatch
e:\workinggui-demo\opengl_on_a_windows_form\dist_cont_parallel_coords.cpp(122): warning C4244: 'argument': conversion from '_Ty' to 'GLubyte', possible loss of data
          with
          [
              _Ty=float
          ]
e:\workinggui-demo\opengl_on_a_windows_form\dist_cont_parallel_coords.cpp(123): warning C4018: '<': signed/unsigned mismatch
e:\workinggui-demo\opengl_on_a_windows_form\dist_cont_parallel_coords.cpp(131): warning C4018: '<': signed/unsigned mismatch
e:\workinggui-demo\opengl_on_a_windows_form\dist_cont_parallel_coords.cpp(132): warning C4018: '<': signed/unsigned mismatch
e:\workinggui-demo\opengl_on_a_windows_form\dist_cont_parallel_coords.cpp(154): warning C4018: '<=': signed/unsigned mismatch
e:\workinggui-demo\opengl_on_a_windows_form\dist_cont_parallel_coords.cpp(155): warning C4244: 'argument': conversion from 'double' to '_Ty', possible loss of data
          with
          [
              _Ty=float
          ]
e:\workinggui-demo\opengl_on_a_windows_form\dist_cont_parallel_coords.cpp(156): warning C4244: 'argument': conversion from 'double' to '_Ty', possible loss of data
          with
          [
              _Ty=float
          ]
e:\workinggui-demo\opengl_on_a_windows_form\dist_cont_parallel_coords.cpp(162): warning C4244: 'argument': conversion from 'double' to 'GLfloat', possible loss of data
e:\workinggui-demo\opengl_on_a_windows_form\dist_cont_parallel_coords.cpp(163): warning C4244: 'argument': conversion from 'double' to 'GLfloat', possible loss of data
e:\workinggui-demo\opengl_on_a_windows_form\dist_cont_parallel_coords.cpp(201): warning C4018: '<': signed/unsigned mismatch
e:\workinggui-demo\opengl_on_a_windows_form\dist_cont_parallel_coords.cpp(206): warning C4018: '<': signed/unsigned mismatch
e:\workinggui-demo\opengl_on_a_windows_form\dist_cont_parallel_coords.cpp(209): warning C4244: 'argument': conversion from 'int' to 'const _Ty', possible loss of data
          with
          [
              _Ty=float
          ]
  FileHandling.cpp
e:\workinggui-demo\opengl_on_a_windows_form\classdata.h(32): warning C4244: 'argument': conversion from 'int' to '_Ty', possible loss of data
          with
          [
              _Ty=float
          ]
e:\workinggui-demo\opengl_on_a_windows_form\classdata.h(224): warning C4244: 'argument': conversion from 'double' to 'GLfloat', possible loss of data
e:\workinggui-demo\opengl_on_a_windows_form\classdata.h(225): warning C4244: 'argument': conversion from 'double' to 'GLfloat', possible loss of data
e:\workinggui-demo\opengl_on_a_windows_form\filehandling.cpp(70): warning C4018: '<': signed/unsigned mismatch
e:\workinggui-demo\opengl_on_a_windows_form\filehandling.cpp(78): warning C4018: '<': signed/unsigned mismatch
  OpenGL_on_a_Windows_Form.cpp
e:\workinggui-demo\opengl_on_a_windows_form\classdata.h(32): warning C4244: 'argument': conversion from 'int' to '_Ty', possible loss of data
          with
          [
              _Ty=float
          ]
e:\workinggui-demo\opengl_on_a_windows_form\classdata.h(224): warning C4244: 'argument': conversion from 'double' to 'GLfloat', possible loss of data
e:\workinggui-demo\opengl_on_a_windows_form\classdata.h(225): warning C4244: 'argument': conversion from 'double' to 'GLfloat', possible loss of data
e:\workinggui-demo\opengl_on_a_windows_form\opengl3.h(479): warning C4244: '=': conversion from 'double' to 'int', possible loss of data
e:\workinggui-demo\opengl_on_a_windows_form\opengl3.h(480): warning C4244: '=': conversion from 'double' to 'int', possible loss of data
e:\workinggui-demo\opengl_on_a_windows_form\opengl3.h(941): warning C4244: '=': conversion from 'double' to '_Ty', possible loss of data
          with
          [
              _Ty=float
          ]
e:\workinggui-demo\opengl_on_a_windows_form\opengl3.h(942): warning C4244: '=': conversion from 'double' to '_Ty', possible loss of data
          with
          [
              _Ty=float
          ]
e:\workinggui-demo\opengl_on_a_windows_form\opengl3.h(953): warning C4244: '=': conversion from 'double' to '_Ty', possible loss of data
          with
          [
              _Ty=float
          ]
e:\workinggui-demo\opengl_on_a_windows_form\opengl3.h(954): warning C4244: '=': conversion from 'double' to '_Ty', possible loss of data
          with
          [
              _Ty=float
          ]
e:\workinggui-demo\opengl_on_a_windows_form\opengl3.h(964): warning C4244: '=': conversion from 'double' to '_Ty', possible loss of data
          with
          [
              _Ty=float
          ]
e:\workinggui-demo\opengl_on_a_windows_form\opengl3.h(965): warning C4244: '=': conversion from 'double' to '_Ty', possible loss of data
          with
          [
              _Ty=float
          ]
e:\workinggui-demo\opengl_on_a_windows_form\opengl3.h(1004): warning C4244: '=': conversion from 'double' to '_Ty', possible loss of data
          with
          [
              _Ty=float
          ]
e:\workinggui-demo\opengl_on_a_windows_form\opengl3.h(1005): warning C4244: '=': conversion from 'double' to '_Ty', possible loss of data
          with
          [
              _Ty=float
          ]
e:\workinggui-demo\opengl_on_a_windows_form\opengl3.h(1011): warning C4244: '=': conversion from 'double' to '_Ty', possible loss of data
          with
          [
              _Ty=float
          ]
e:\workinggui-demo\opengl_on_a_windows_form\opengl3.h(1012): warning C4244: '=': conversion from 'double' to '_Ty', possible loss of data
          with
          [
              _Ty=float
          ]
e:\workinggui-demo\opengl_on_a_windows_form\opengl3.h(1018): warning C4244: '=': conversion from 'double' to '_Ty', possible loss of data
          with
          [
              _Ty=float
          ]
e:\workinggui-demo\opengl_on_a_windows_form\opengl3.h(1019): warning C4244: '=': conversion from 'double' to '_Ty', possible loss of data
          with
          [
              _Ty=float
          ]
  SeparatedCPC.cpp
e:\workinggui-demo\opengl_on_a_windows_form\classdata.h(32): warning C4244: 'argument': conversion from 'int' to '_Ty', possible loss of data
          with
          [
              _Ty=float
          ]
e:\workinggui-demo\opengl_on_a_windows_form\classdata.h(224): warning C4244: 'argument': conversion from 'double' to 'GLfloat', possible loss of data
e:\workinggui-demo\opengl_on_a_windows_form\classdata.h(225): warning C4244: 'argument': conversion from 'double' to 'GLfloat', possible loss of data
e:\workinggui-demo\opengl_on_a_windows_form\separatedcpc.cpp(63): warning C4244: 'argument': conversion from 'double' to '_Ty', possible loss of data
          with
          [
              _Ty=float
          ]
e:\workinggui-demo\opengl_on_a_windows_form\separatedcpc.cpp(64): warning C4244: 'argument': conversion from 'double' to '_Ty', possible loss of data
          with
          [
              _Ty=float
          ]
e:\workinggui-demo\opengl_on_a_windows_form\separatedcpc.cpp(81): warning C4244: 'initializing': conversion from 'double' to 'float', possible loss of data
e:\workinggui-demo\opengl_on_a_windows_form\separatedcpc.cpp(82): warning C4244: 'initializing': conversion from 'double' to 'float', possible loss of data
e:\workinggui-demo\opengl_on_a_windows_form\separatedcpc.cpp(85): warning C4244: '-=': conversion from 'double' to 'float', possible loss of data
e:\workinggui-demo\opengl_on_a_windows_form\separatedcpc.cpp(86): warning C4244: '-=': conversion from 'double' to 'float', possible loss of data
e:\workinggui-demo\opengl_on_a_windows_form\separatedcpc.cpp(89): warning C4244: 'argument': conversion from 'double' to 'GLfloat', possible loss of data
e:\workinggui-demo\opengl_on_a_windows_form\separatedcpc.cpp(92): warning C4244: 'argument': conversion from '_Ty' to 'GLubyte', possible loss of data
          with
          [
              _Ty=float
          ]
e:\workinggui-demo\opengl_on_a_windows_form\separatedcpc.cpp(103): warning C4018: '<': signed/unsigned mismatch
  SeparatedSPC.cpp
e:\workinggui-demo\opengl_on_a_windows_form\classdata.h(32): warning C4244: 'argument': conversion from 'int' to '_Ty', possible loss of data
          with
          [
              _Ty=float
          ]
e:\workinggui-demo\opengl_on_a_windows_form\classdata.h(224): warning C4244: 'argument': conversion from 'double' to 'GLfloat', possible loss of data
e:\workinggui-demo\opengl_on_a_windows_form\classdata.h(225): warning C4244: 'argument': conversion from 'double' to 'GLfloat', possible loss of data
e:\workinggui-demo\opengl_on_a_windows_form\separatedspc.cpp(67): warning C4244: 'argument': conversion from 'double' to '_Ty', possible loss of data
          with
          [
              _Ty=float
          ]
e:\workinggui-demo\opengl_on_a_windows_form\separatedspc.cpp(68): warning C4244: 'argument': conversion from 'double' to '_Ty', possible loss of data
          with
          [
              _Ty=float
          ]
e:\workinggui-demo\opengl_on_a_windows_form\separatedspc.cpp(97): warning C4244: '-=': conversion from 'double' to 'float', possible loss of data
e:\workinggui-demo\opengl_on_a_windows_form\separatedspc.cpp(98): warning C4244: '-=': conversion from 'double' to 'float', possible loss of data
e:\workinggui-demo\opengl_on_a_windows_form\separatedspc.cpp(99): warning C4244: '+=': conversion from 'double' to 'float', possible loss of data
e:\workinggui-demo\opengl_on_a_windows_form\separatedspc.cpp(100): warning C4244: '+=': conversion from 'double' to 'float', possible loss of data
e:\workinggui-demo\opengl_on_a_windows_form\separatedspc.cpp(103): warning C4244: 'argument': conversion from 'double' to 'GLfloat', possible loss of data
e:\workinggui-demo\opengl_on_a_windows_form\separatedspc.cpp(109): warning C4244: 'argument': conversion from '_Ty' to 'GLubyte', possible loss of data
          with
          [
              _Ty=float
          ]
e:\workinggui-demo\opengl_on_a_windows_form\separatedspc.cpp(111): warning C4244: 'argument': conversion from 'double' to 'GLfloat', possible loss of data
e:\workinggui-demo\opengl_on_a_windows_form\separatedspc.cpp(112): warning C4244: 'argument': conversion from 'double' to 'GLfloat', possible loss of data
e:\workinggui-demo\opengl_on_a_windows_form\separatedspc.cpp(126): warning C4244: 'argument': conversion from 'double' to 'GLfloat', possible loss of data
e:\workinggui-demo\opengl_on_a_windows_form\separatedspc.cpp(131): warning C4244: 'argument': conversion from 'double' to 'GLfloat', possible loss of data
e:\workinggui-demo\opengl_on_a_windows_form\separatedspc.cpp(203): warning C4018: '<': signed/unsigned mismatch
e:\workinggui-demo\opengl_on_a_windows_form\separatedspc.cpp(204): warning C4018: '<': signed/unsigned mismatch
  SeparatedTS_SPC.cpp
e:\workinggui-demo\opengl_on_a_windows_form\classdata.h(32): warning C4244: 'argument': conversion from 'int' to '_Ty', possible loss of data
          with
          [
              _Ty=float
          ]
e:\workinggui-demo\opengl_on_a_windows_form\classdata.h(224): warning C4244: 'argument': conversion from 'double' to 'GLfloat', possible loss of data
e:\workinggui-demo\opengl_on_a_windows_form\classdata.h(225): warning C4244: 'argument': conversion from 'double' to 'GLfloat', possible loss of data
e:\workinggui-demo\opengl_on_a_windows_form\separatedts_spc.cpp(74): warning C4018: '<': signed/unsigned mismatch
e:\workinggui-demo\opengl_on_a_windows_form\separatedts_spc.cpp(75): warning C4018: '<': signed/unsigned mismatch
e:\workinggui-demo\opengl_on_a_windows_form\separatedts_spc.cpp(85): warning C4018: '<': signed/unsigned mismatch
e:\workinggui-demo\opengl_on_a_windows_form\separatedts_spc.cpp(86): warning C4018: '<': signed/unsigned mismatch
e:\workinggui-demo\opengl_on_a_windows_form\separatedts_spc.cpp(102): warning C4018: '<': signed/unsigned mismatch
e:\workinggui-demo\opengl_on_a_windows_form\separatedts_spc.cpp(103): warning C4018: '<': signed/unsigned mismatch
e:\workinggui-demo\opengl_on_a_windows_form\separatedts_spc.cpp(122): warning C4018: '<': signed/unsigned mismatch
e:\workinggui-demo\opengl_on_a_windows_form\separatedts_spc.cpp(123): warning C4018: '<': signed/unsigned mismatch
e:\workinggui-demo\opengl_on_a_windows_form\separatedts_spc.cpp(187): warning C4244: 'initializing': conversion from 'double' to 'float', possible loss of data
e:\workinggui-demo\opengl_on_a_windows_form\separatedts_spc.cpp(188): warning C4244: 'initializing': conversion from 'double' to 'float', possible loss of data
e:\workinggui-demo\opengl_on_a_windows_form\separatedts_spc.cpp(205): warning C4244: '-=': conversion from 'double' to 'float', possible loss of data
e:\workinggui-demo\opengl_on_a_windows_form\separatedts_spc.cpp(206): warning C4244: '-=': conversion from 'double' to 'float', possible loss of data
e:\workinggui-demo\opengl_on_a_windows_form\separatedts_spc.cpp(207): warning C4244: '-=': conversion from 'double' to 'float', possible loss of data
e:\workinggui-demo\opengl_on_a_windows_form\separatedts_spc.cpp(208): warning C4244: '-=': conversion from 'double' to 'float', possible loss of data
e:\workinggui-demo\opengl_on_a_windows_form\separatedts_spc.cpp(211): warning C4244: 'argument': conversion from 'double' to 'GLfloat', possible loss of data
e:\workinggui-demo\opengl_on_a_windows_form\separatedts_spc.cpp(216): warning C4244: 'argument': conversion from '_Ty' to 'GLubyte', possible loss of data
          with
          [
              _Ty=float
          ]
e:\workinggui-demo\opengl_on_a_windows_form\separatedts_spc.cpp(225): warning C4018: '<': signed/unsigned mismatch
e:\workinggui-demo\opengl_on_a_windows_form\separatedts_spc.cpp(263): warning C4018: '<=': signed/unsigned mismatch
e:\workinggui-demo\opengl_on_a_windows_form\separatedts_spc.cpp(270): warning C4244: 'argument': conversion from 'double' to '_Ty', possible loss of data
          with
          [
              _Ty=float
          ]
e:\workinggui-demo\opengl_on_a_windows_form\separatedts_spc.cpp(271): warning C4244: 'argument': conversion from 'double' to '_Ty', possible loss of data
          with
          [
              _Ty=float
          ]
e:\workinggui-demo\opengl_on_a_windows_form\separatedts_spc.cpp(317): warning C4018: '<': signed/unsigned mismatch
e:\workinggui-demo\opengl_on_a_windows_form\separatedts_spc.cpp(334): warning C4018: '<': signed/unsigned mismatch
e:\workinggui-demo\opengl_on_a_windows_form\separatedts_spc.cpp(366): warning C4018: '<': signed/unsigned mismatch
e:\workinggui-demo\opengl_on_a_windows_form\separatedts_spc.cpp(375): warning C4018: '<': signed/unsigned mismatch
e:\workinggui-demo\opengl_on_a_windows_form\separatedts_spc.cpp(380): warning C4244: 'argument': conversion from 'int' to 'const _Ty', possible loss of data
          with
          [
              _Ty=float
          ]
e:\workinggui-demo\opengl_on_a_windows_form\separatedts_spc.cpp(410): warning C4018: '<': signed/unsigned mismatch
e:\workinggui-demo\opengl_on_a_windows_form\separatedts_spc.cpp(411): warning C4018: '<': signed/unsigned mismatch
  StandardTS.cpp
e:\workinggui-demo\opengl_on_a_windows_form\classdata.h(32): warning C4244: 'argument': conversion from 'int' to '_Ty', possible loss of data
          with
          [
              _Ty=float
          ]
e:\workinggui-demo\opengl_on_a_windows_form\classdata.h(224): warning C4244: 'argument': conversion from 'double' to 'GLfloat', possible loss of data
e:\workinggui-demo\opengl_on_a_windows_form\classdata.h(225): warning C4244: 'argument': conversion from 'double' to 'GLfloat', possible loss of data
e:\workinggui-demo\opengl_on_a_windows_form\standardts.cpp(66): warning C4018: '<': signed/unsigned mismatch
e:\workinggui-demo\opengl_on_a_windows_form\standardts.cpp(67): warning C4018: '<': signed/unsigned mismatch
e:\workinggui-demo\opengl_on_a_windows_form\standardts.cpp(80): warning C4018: '<': signed/unsigned mismatch
e:\workinggui-demo\opengl_on_a_windows_form\standardts.cpp(81): warning C4018: '<': signed/unsigned mismatch
e:\workinggui-demo\opengl_on_a_windows_form\standardts.cpp(107): warning C4018: '<=': signed/unsigned mismatch
e:\workinggui-demo\opengl_on_a_windows_form\standardts.cpp(108): warning C4244: 'argument': conversion from 'double' to '_Ty', possible loss of data
          with
          [
              _Ty=float
          ]
e:\workinggui-demo\opengl_on_a_windows_form\standardts.cpp(109): warning C4244: 'argument': conversion from 'double' to '_Ty', possible loss of data
          with
          [
              _Ty=float
          ]
e:\workinggui-demo\opengl_on_a_windows_form\standardts.cpp(126): warning C4244: 'initializing': conversion from 'double' to 'float', possible loss of data
e:\workinggui-demo\opengl_on_a_windows_form\standardts.cpp(127): warning C4244: 'initializing': conversion from 'double' to 'float', possible loss of data
e:\workinggui-demo\opengl_on_a_windows_form\standardts.cpp(129): warning C4244: '-=': conversion from 'double' to 'float', possible loss of data
e:\workinggui-demo\opengl_on_a_windows_form\standardts.cpp(130): warning C4244: '-=': conversion from 'double' to 'float', possible loss of data
e:\workinggui-demo\opengl_on_a_windows_form\standardts.cpp(133): warning C4244: 'argument': conversion from 'double' to 'GLfloat', possible loss of data
e:\workinggui-demo\opengl_on_a_windows_form\standardts.cpp(139): warning C4244: 'argument': conversion from '_Ty' to 'GLubyte', possible loss of data
          with
          [
              _Ty=float
          ]
e:\workinggui-demo\opengl_on_a_windows_form\standardts.cpp(141): warning C4018: '<': signed/unsigned mismatch
e:\workinggui-demo\opengl_on_a_windows_form\standardts.cpp(152): warning C4018: '<': signed/unsigned mismatch
e:\workinggui-demo\opengl_on_a_windows_form\standardts.cpp(202): warning C4018: '<': signed/unsigned mismatch
e:\workinggui-demo\opengl_on_a_windows_form\standardts.cpp(222): warning C4018: '<': signed/unsigned mismatch
e:\workinggui-demo\opengl_on_a_windows_form\standardts.cpp(228): warning C4018: '<': signed/unsigned mismatch
e:\workinggui-demo\opengl_on_a_windows_form\standardts.cpp(232): warning C4244: 'argument': conversion from 'int' to 'const _Ty', possible loss of data
          with
          [
              _Ty=float
          ]
  TimeSeries_Dist.cpp
e:\workinggui-demo\opengl_on_a_windows_form\classdata.h(32): warning C4244: 'argument': conversion from 'int' to '_Ty', possible loss of data
          with
          [
              _Ty=float
          ]
e:\workinggui-demo\opengl_on_a_windows_form\classdata.h(224): warning C4244: 'argument': conversion from 'double' to 'GLfloat', possible loss of data
e:\workinggui-demo\opengl_on_a_windows_form\classdata.h(225): warning C4244: 'argument': conversion from 'double' to 'GLfloat', possible loss of data
e:\workinggui-demo\opengl_on_a_windows_form\timeseries_dist.cpp(63): warning C4018: '<': signed/unsigned mismatch
e:\workinggui-demo\opengl_on_a_windows_form\timeseries_dist.cpp(64): warning C4018: '<': signed/unsigned mismatch
e:\workinggui-demo\opengl_on_a_windows_form\timeseries_dist.cpp(77): warning C4018: '<': signed/unsigned mismatch
e:\workinggui-demo\opengl_on_a_windows_form\timeseries_dist.cpp(78): warning C4018: '<': signed/unsigned mismatch
e:\workinggui-demo\opengl_on_a_windows_form\timeseries_dist.cpp(114): warning C4018: '<': signed/unsigned mismatch
e:\workinggui-demo\opengl_on_a_windows_form\timeseries_dist.cpp(115): warning C4018: '<': signed/unsigned mismatch
e:\workinggui-demo\opengl_on_a_windows_form\timeseries_dist.cpp(122): warning C4244: 'argument': conversion from 'int' to 'const _Ty', possible loss of data
          with
          [
              _Ty=float
          ]
e:\workinggui-demo\opengl_on_a_windows_form\timeseries_dist.cpp(148): warning C4018: '<=': signed/unsigned mismatch
e:\workinggui-demo\opengl_on_a_windows_form\timeseries_dist.cpp(149): warning C4244: 'argument': conversion from 'double' to '_Ty', possible loss of data
          with
          [
              _Ty=float
          ]
e:\workinggui-demo\opengl_on_a_windows_form\timeseries_dist.cpp(150): warning C4244: 'argument': conversion from 'double' to '_Ty', possible loss of data
          with
          [
              _Ty=float
          ]
e:\workinggui-demo\opengl_on_a_windows_form\timeseries_dist.cpp(167): warning C4244: 'initializing': conversion from 'double' to 'float', possible loss of data
e:\workinggui-demo\opengl_on_a_windows_form\timeseries_dist.cpp(168): warning C4244: 'initializing': conversion from 'double' to 'float', possible loss of data
e:\workinggui-demo\opengl_on_a_windows_form\timeseries_dist.cpp(170): warning C4244: '-=': conversion from 'double' to 'float', possible loss of data
e:\workinggui-demo\opengl_on_a_windows_form\timeseries_dist.cpp(171): warning C4244: '-=': conversion from 'double' to 'float', possible loss of data
e:\workinggui-demo\opengl_on_a_windows_form\timeseries_dist.cpp(174): warning C4244: 'argument': conversion from 'double' to 'GLfloat', possible loss of data
e:\workinggui-demo\opengl_on_a_windows_form\timeseries_dist.cpp(180): warning C4244: 'argument': conversion from '_Ty' to 'GLubyte', possible loss of data
          with
          [
              _Ty=float
          ]
e:\workinggui-demo\opengl_on_a_windows_form\timeseries_dist.cpp(182): warning C4018: '<': signed/unsigned mismatch
e:\workinggui-demo\opengl_on_a_windows_form\timeseries_dist.cpp(191): warning C4018: '<': signed/unsigned mismatch
e:\workinggui-demo\opengl_on_a_windows_form\timeseries_dist.cpp(238): warning C4018: '<': signed/unsigned mismatch
e:\workinggui-demo\opengl_on_a_windows_form\timeseries_dist.cpp(258): warning C4018: '<': signed/unsigned mismatch
e:\workinggui-demo\opengl_on_a_windows_form\timeseries_dist.cpp(263): warning C4018: '<': signed/unsigned mismatch
e:\workinggui-demo\opengl_on_a_windows_form\timeseries_dist.cpp(266): warning C4244: 'argument': conversion from 'int' to 'const _Ty', possible loss of data
          with
          [
              _Ty=float
          ]
  Generating Code...
  .NETFramework,Version=v4.0.AssemblyAttributes.cpp
  LINK : /LTCG specified but no code generation required; remove /LTCG from the link command line to improve linker performance
  OpenGL_on_a_Windows_Form.vcxproj -> E:\WorkingGUI-Demo\Release\OpenGL_on_a_Windows_Form.exe
